Determining if the pthread_create exist failed with the following output:
Change Dir: /home/jacob/CLionProjects/untitled/cmake-build-debug/CMakeFiles/CMakeTmp

Run Build Command:"/usr/bin/make" "cmTC_76a15/fast"
/usr/bin/make -f CMakeFiles/cmTC_76a15.dir/build.make CMakeFiles/cmTC_76a15.dir/build
make[1]: Entering directory '/home/jacob/CLionProjects/untitled/cmake-build-debug/CMakeFiles/CMakeTmp'
Building C object CMakeFiles/cmTC_76a15.dir/CheckSymbolExists.c.o
/usr/bin/cc    -o CMakeFiles/cmTC_76a15.dir/CheckSymbolExists.c.o   -c /home/jacob/CLionProjects/untitled/cmake-build-debug/CMakeFiles/CMakeTmp/CheckSymbolExists.c
Linking C executable cmTC_76a15
/home/jacob/Applications/clion-2018.1.1/bin/cmake/bin/cmake -E cmake_link_script CMakeFiles/cmTC_76a15.dir/link.txt --verbose=1
/usr/bin/cc      -rdynamic CMakeFiles/cmTC_76a15.dir/CheckSymbolExists.c.o  -o cmTC_76a15 
CMakeFiles/cmTC_76a15.dir/CheckSymbolExists.c.o: In function `main':
CheckSymbolExists.c:(.text+0x16): undefined reference to `pthread_create'
collect2: error: ld returned 1 exit status
CMakeFiles/cmTC_76a15.dir/build.make:97: recipe for target 'cmTC_76a15' failed
make[1]: *** [cmTC_76a15] Error 1
make[1]: Leaving directory '/home/jacob/CLionProjects/untitled/cmake-build-debug/CMakeFiles/CMakeTmp'
Makefile:126: recipe for target 'cmTC_76a15/fast' failed
make: *** [cmTC_76a15/fast] Error 2

File /home/jacob/CLionProjects/untitled/cmake-build-debug/CMakeFiles/CMakeTmp/CheckSymbolExists.c:
/* */
#include <pthread.h>

int main(int argc, char** argv)
{
  (void)argv;
#ifndef pthread_create
  return ((int*)(&pthread_create))[argc];
#else
  (void)argc;
  return 0;
#endif
}

